<?xml version="1.0" encoding="UTF-8"?>
<!-- Generated by org.testng.reporters.JUnitReportReporter -->
<testsuite hostname="LAPTOP-KOO9VU7N" failures="0" tests="5" name="TestLayerPackage.TestLayerLogin" time="66.568" errors="0" timestamp="2023-04-24T23:17:36 EDT" skipped="0">
  <testcase classname="TestLayerPackage.TestLayerLogin" name="verifyTitle" time="9.221"/>
  <system-out/>
  <testcase classname="TestLayerPackage.TestLayerLogin" name="validLogin" time="13.200"/>
  <system-out/>
  <testcase classname="TestLayerPackage.TestLayerLogin" name="Login" time="12.119"/>
  <system-out/>
  <testcase classname="TestLayerPackage.TestLayerLogin" name="Login" time="17.826"/>
  <system-out/>
  <testcase classname="TestLayerPackage.TestLayerLogin" name="Login" time="14.202"/>
  <system-out/>
</testsuite> <!-- TestLayerPackage.TestLayerLogin -->
