<?xml version="1.0" encoding="UTF-8"?>
<!-- Generated by org.testng.reporters.JUnitReportReporter -->
<testsuite hostname="LAPTOP-KOO9VU7N" failures="0" tests="5" name="TestLayerPackage.TestLayerLogin" time="48.797" errors="0" timestamp="2023-04-25T13:23:39 EDT" skipped="0">
  <testcase classname="TestLayerPackage.TestLayerLogin" name="verifyTitle" time="7.309"/>
  <system-out/>
  <testcase classname="TestLayerPackage.TestLayerLogin" name="validLogin" time="11.562"/>
  <system-out/>
  <testcase classname="TestLayerPackage.TestLayerLogin" name="Login" time="8.586"/>
  <system-out/>
  <testcase classname="TestLayerPackage.TestLayerLogin" name="Login" time="9.115"/>
  <system-out/>
  <testcase classname="TestLayerPackage.TestLayerLogin" name="Login" time="12.225"/>
  <system-out/>
</testsuite> <!-- TestLayerPackage.TestLayerLogin -->
