<?xml version="1.0" encoding="UTF-8"?>
<!-- Generated by org.testng.reporters.JUnitReportReporter -->
<testsuite hostname="LAPTOP-KOO9VU7N" failures="0" tests="5" name="TestLayerPackage.TestLayerLogin" time="66.581" errors="0" timestamp="2023-04-25T00:23:22 EDT" skipped="0">
  <testcase classname="TestLayerPackage.TestLayerLogin" name="verifyTitle" time="8.110"/>
  <system-out/>
  <testcase classname="TestLayerPackage.TestLayerLogin" name="validLogin" time="13.553"/>
  <system-out/>
  <testcase classname="TestLayerPackage.TestLayerLogin" name="Login" time="13.917"/>
  <system-out/>
  <testcase classname="TestLayerPackage.TestLayerLogin" name="Login" time="15.384"/>
  <system-out/>
  <testcase classname="TestLayerPackage.TestLayerLogin" name="Login" time="15.617"/>
  <system-out/>
</testsuite> <!-- TestLayerPackage.TestLayerLogin -->
